<?xml version="1.0" encoding="UTF-8"?>
<!-- Generated by org.testng.reporters.JUnitXMLReporter -->
<testsuite ignored="0" hostname="Hari" failures="0" tests="2" name="Submit order Test" time="0.168" errors="0" timestamp="2025-01-13T19:30:25 IST">
  <testcase classname="CompanyName.SeleniumFameworkDesign.Tests.SubmitorderTest" name="submitOrder" time="0.0">
    <skipped/>
  </testcase> <!-- submitOrder -->
  <testcase classname="CompanyName.SeleniumFameworkDesign.Tests.SubmitorderTest" name="submitOrder" time="0.0">
    <skipped/>
  </testcase> <!-- submitOrder -->
</testsuite> <!-- Submit order Test -->
